<?xml version="1.0" encoding="UTF-8"?>
<testsuite name="com.fullcycle.admin.catalogo.infrastructure.MainTest" tests="1" skipped="0" failures="0" errors="0" timestamp="2022-07-21T20:59:22" hostname="andre-notebook" time="0.03">
  <properties/>
  <testcase name="testMain()" classname="com.fullcycle.admin.catalogo.infrastructure.MainTest" time="0.03"/>
  <system-out><![CDATA[Hello world!
com.fullcycle.admin.catalogo.domain.Category@60099951
]]></system-out>
  <system-err><![CDATA[]]></system-err>
</testsuite>
